# JRE version: Java(TM) SE Runtime Environment (8.0_05-b13) (build 1.8.0_05-b13)
# Java VM: Java HotSpot(TM) 64-Bit Server VM (25.5-b02 mixed mode windows-amd64 compressed oops)
Heap:
 PSYoungGen      total 5632K, used 2990K [0x00000000eb580000, 0x00000000ebc80000, 0x0000000100000000)
  eden space 4096K, 57% used [0x00000000eb580000,0x00000000eb7cb948,0x00000000eb980000)
  from space 1536K, 41% used [0x00000000ebb00000,0x00000000ebba0000,0x00000000ebc80000)
  to   space 1536K, 0% used [0x00000000eb980000,0x00000000eb980000,0x00000000ebb00000)
 ParOldGen       total 61952K, used 3123K [0x00000000c2000000, 0x00000000c5c80000, 0x00000000eb580000)
  object space 61952K, 5% used [0x00000000c2000000,0x00000000c230cd48,0x00000000c5c80000)
 Metaspace       used 7419K, capacity 7545K, committed 7808K, reserved 1056768K
  class space    used 743K, capacity 787K, committed 896K, reserved 1048576K
GC Heap History (10 events):
Event: 0.350 GC heap before
{Heap before GC invocations=4 (full 0):
 PSYoungGen      total 1024K, used 1008K [0x00000000eb580000, 0x00000000eb780000, 0x0000000100000000)
  eden space 512K, 100% used [0x00000000eb580000,0x00000000eb600000,0x00000000eb600000)
  from space 512K, 96% used [0x00000000eb600000,0x00000000eb67c010,0x00000000eb680000)
  to   space 512K, 0% used [0x00000000eb700000,0x00000000eb700000,0x00000000eb780000)
 ParOldGen       total 61952K, used 261K [0x00000000c2000000, 0x00000000c5c80000, 0x00000000eb580000)
  object space 61952K, 0% used [0x00000000c2000000,0x00000000c2041448,0x00000000c5c80000)
 Metaspace       used 4648K, capacity 4916K, committed 5248K, reserved 1056768K
  class space    used 500K, capacity 538K, committed 640K, reserved 1048576K
Event: 0.351 GC heap after
Heap after GC invocations=4 (full 0):
 PSYoungGen      total 1536K, used 496K [0x00000000eb580000, 0x00000000eb780000, 0x0000000100000000)
  eden space 1024K, 0% used [0x00000000eb580000,0x00000000eb580000,0x00000000eb680000)
  from space 512K, 96% used [0x00000000eb700000,0x00000000eb77c010,0x00000000eb780000)
  to   space 512K, 0% used [0x00000000eb680000,0x00000000eb680000,0x00000000eb700000)
 ParOldGen       total 61952K, used 462K [0x00000000c2000000, 0x00000000c5c80000, 0x00000000eb580000)
  object space 61952K, 0% used [0x00000000c2000000,0x00000000c2073908,0x00000000c5c80000)
 Metaspace       used 4648K, capacity 4916K, committed 5248K, reserved 1056768K
  class space    used 500K, capacity 538K, committed 640K, reserved 1048576K
}
Event: 0.476 GC heap before
{Heap before GC invocations=5 (full 0):
 PSYoungGen      total 1536K, used 1515K [0x00000000eb580000, 0x00000000eb780000, 0x0000000100000000)
  eden space 1024K, 99% used [0x00000000eb580000,0x00000000eb67ef20,0x00000000eb680000)
  from space 512K, 96% used [0x00000000eb700000,0x00000000eb77c010,0x00000000eb780000)
  to   space 512K, 0% used [0x00000000eb680000,0x00000000eb680000,0x00000000eb700000)
 ParOldGen       total 61952K, used 462K [0x00000000c2000000, 0x00000000c5c80000, 0x00000000eb580000)
  object space 61952K, 0% used [0x00000000c2000000,0x00000000c2073908,0x00000000c5c80000)
 Metaspace       used 6459K, capacity 6582K, committed 6656K, reserved 1056768K
  class space    used 708K, capacity 755K, committed 768K, reserved 1048576K
Event: 0.477 GC heap after
Heap after GC invocations=5 (full 0):
 PSYoungGen      total 1536K, used 512K [0x00000000eb580000, 0x00000000eb980000, 0x0000000100000000)
  eden space 1024K, 0% used [0x00000000eb580000,0x00000000eb580000,0x00000000eb680000)
  from space 512K, 100% used [0x00000000eb680000,0x00000000eb700000,0x00000000eb700000)
  to   space 1024K, 0% used [0x00000000eb880000,0x00000000eb880000,0x00000000eb980000)
 ParOldGen       total 61952K, used 720K [0x00000000c2000000, 0x00000000c5c80000, 0x00000000eb580000)
  object space 61952K, 1% used [0x00000000c2000000,0x00000000c20b43b8,0x00000000c5c80000)
 Metaspace       used 6459K, capacity 6582K, committed 6656K, reserved 1056768K
  class space    used 708K, capacity 755K, committed 768K, reserved 1048576K
}
Event: 0.564 GC heap before
{Heap before GC invocations=6 (full 0):
 PSYoungGen      total 1536K, used 1507K [0x00000000eb580000, 0x00000000eb980000, 0x0000000100000000)
  eden space 1024K, 97% used [0x00000000eb580000,0x00000000eb678ff8,0x00000000eb680000)
  from space 512K, 100% used [0x00000000eb680000,0x00000000eb700000,0x00000000eb700000)
  to   space 1024K, 0% used [0x00000000eb880000,0x00000000eb880000,0x00000000eb980000)
 ParOldGen       total 61952K, used 720K [0x00000000c2000000, 0x00000000c5c80000, 0x00000000eb580000)
  object space 61952K, 1% used [0x00000000c2000000,0x00000000c20b43b8,0x00000000c5c80000)
 Metaspace       used 6927K, capacity 7033K, committed 7296K, reserved 1056768K
  class space    used 726K, capacity 787K, committed 896K, reserved 1048576K
Event: 0.566 GC heap after
Heap after GC invocations=6 (full 0):
 PSYoungGen      total 3072K, used 768K [0x00000000eb580000, 0x00000000eb980000, 0x0000000100000000)
  eden space 2048K, 0% used [0x00000000eb580000,0x00000000eb580000,0x00000000eb780000)
  from space 1024K, 75% used [0x00000000eb880000,0x00000000eb940000,0x00000000eb980000)
  to   space 1024K, 0% used [0x00000000eb780000,0x00000000eb780000,0x00000000eb880000)
 ParOldGen       total 61952K, used 720K [0x00000000c2000000, 0x00000000c5c80000, 0x00000000eb580000)
  object space 61952K, 1% used [0x00000000c2000000,0x00000000c20b43b8,0x00000000c5c80000)
 Metaspace       used 6927K, capacity 7033K, committed 7296K, reserved 1056768K
  class space    used 726K, capacity 787K, committed 896K, reserved 1048576K
}
Event: 0.843 GC heap before
{Heap before GC invocations=7 (full 0):
 PSYoungGen      total 3072K, used 2753K [0x00000000eb580000, 0x00000000eb980000, 0x0000000100000000)
  eden space 2048K, 96% used [0x00000000eb580000,0x00000000eb770670,0x00000000eb780000)
  from space 1024K, 75% used [0x00000000eb880000,0x00000000eb940000,0x00000000eb980000)
  to   space 1024K, 0% used [0x00000000eb780000,0x00000000eb780000,0x00000000eb880000)
 ParOldGen       total 61952K, used 720K [0x00000000c2000000, 0x00000000c5c80000, 0x00000000eb580000)
  object space 61952K, 1% used [0x00000000c2000000,0x00000000c20b43b8,0x00000000c5c80000)
 Metaspace       used 7311K, capacity 7417K, committed 7552K, reserved 1056768K
  class space    used 736K, capacity 787K, committed 896K, reserved 1048576K
Event: 0.847 GC heap after
Heap after GC invocations=7 (full 0):
 PSYoungGen      total 3072K, used 1023K [0x00000000eb580000, 0x00000000ebc80000, 0x0000000100000000)
  eden space 2048K, 0% used [0x00000000eb580000,0x00000000eb580000,0x00000000eb780000)
  from space 1024K, 99% used [0x00000000eb780000,0x00000000eb87fe60,0x00000000eb880000)
  to   space 1536K, 0% used [0x00000000ebb00000,0x00000000ebb00000,0x00000000ebc80000)
 ParOldGen       total 61952K, used 1045K [0x00000000c2000000, 0x00000000c5c80000, 0x00000000eb580000)
  object space 61952K, 1% used [0x00000000c2000000,0x00000000c21056a8,0x00000000c5c80000)
 Metaspace       used 7311K, capacity 7417K, committed 7552K, reserved 1056768K
  class space    used 736K, capacity 787K, committed 896K, reserved 1048576K
}
Event: 4.814 GC heap before
{Heap before GC invocations=8 (full 0):
 PSYoungGen      total 3072K, used 3071K [0x00000000eb580000, 0x00000000ebc80000, 0x0000000100000000)
  eden space 2048K, 100% used [0x00000000eb580000,0x00000000eb780000,0x00000000eb780000)
  from space 1024K, 99% used [0x00000000eb780000,0x00000000eb87fe60,0x00000000eb880000)
  to   space 1536K, 0% used [0x00000000ebb00000,0x00000000ebb00000,0x00000000ebc80000)
 ParOldGen       total 61952K, used 2971K [0x00000000c2000000, 0x00000000c5c80000, 0x00000000eb580000)
  object space 61952K, 4% used [0x00000000c2000000,0x00000000c22e6d38,0x00000000c5c80000)
 Metaspace       used 7405K, capacity 7545K, committed 7808K, reserved 1056768K
  class space    used 741K, capacity 787K, committed 896K, reserved 1048576K
Event: 4.815 GC heap after
Heap after GC invocations=8 (full 0):
 PSYoungGen      total 5632K, used 640K [0x00000000eb580000, 0x00000000ebc80000, 0x0000000100000000)
  eden space 4096K, 0% used [0x00000000eb580000,0x00000000eb580000,0x00000000eb980000)
  from space 1536K, 41% used [0x00000000ebb00000,0x00000000ebba0000,0x00000000ebc80000)
  to   space 1536K, 0% used [0x00000000eb980000,0x00000000eb980000,0x00000000ebb00000)
 ParOldGen       total 61952K, used 3123K [0x00000000c2000000, 0x00000000c5c80000, 0x00000000eb580000)
  object space 61952K, 5% used [0x00000000c2000000,0x00000000c230cd48,0x00000000c5c80000)
 Metaspace       used 7405K, capacity 7545K, committed 7808K, reserved 1056768K
  class space    used 741K, capacity 787K, committed 896K, reserved 1048576K
}

